find_executable: checking for pg_config... -------------------- yes

--------------------

find_header: checking for libpq-fe.h... -------------------- yes

"gcc -o conftest -I/home/darkkgreen/.rvm/rubies/ruby-2.4.1/include/ruby-2.4.0/x86_64-linux -I/home/darkkgreen/.rvm/rubies/ruby-2.4.1/include/ruby-2.4.0/ruby/backward -I/home/darkkgreen/.rvm/rubies/ruby-2.4.1/include/ruby-2.4.0 -I. -I/usr/include    -O3 -fno-fast-math -ggdb3 -Wall -Wextra -Wno-unused-parameter -Wno-parentheses -Wno-long-long -Wno-missing-field-initializers -Wno-tautological-compare -Wno-parentheses-equality -Wno-constant-logical-operand -Wno-self-assign -Wunused-variable -Wimplicit-int -Wpointer-arith -Wwrite-strings -Wdeclaration-after-statement -Wimplicit-function-declaration -Wdeprecated-declarations -Wno-packed-bitfield-compat -Wsuggest-attribute=noreturn -Wsuggest-attribute=format -Wimplicit-fallthrough=0  -fPIC conftest.c  -L. -L/home/darkkgreen/.rvm/rubies/ruby-2.4.1/lib -Wl,-R/home/darkkgreen/.rvm/rubies/ruby-2.4.1/lib -L/usr/lib -Wl,-R/usr/lib -L. -fstack-protector -rdynamic -Wl,-export-dynamic     -Wl,-R/home/darkkgreen/.rvm/rubies/ruby-2.4.1/lib -L/home/darkkgreen/.rvm/rubies/ruby-2.4.1/lib -lruby  -lpthread -lgmp -ldl -lcrypt -lm   -lc"
In file included from /home/darkkgreen/.rvm/rubies/ruby-2.4.1/include/ruby-2.4.0/ruby.h:33,
                 from conftest.c:1:
/home/darkkgreen/.rvm/rubies/ruby-2.4.1/include/ruby-2.4.0/ruby/ruby.h:631:1: warning: ‘const’ attribute on function returning ‘void’ [-Wattributes]
 CONSTFUNC(void rb_secure_update(VALUE));
 ^~~~~~~~~
In file included from /home/darkkgreen/.rvm/rubies/ruby-2.4.1/include/ruby-2.4.0/ruby/ruby.h:2005,
                 from /home/darkkgreen/.rvm/rubies/ruby-2.4.1/include/ruby-2.4.0/ruby.h:33,
                 from conftest.c:1:
/home/darkkgreen/.rvm/rubies/ruby-2.4.1/include/ruby-2.4.0/ruby/intern.h:257:1: warning: ‘const’ attribute on function returning ‘void’ [-Wattributes]
 CONSTFUNC(void rb_error_untrusted(VALUE));
 ^~~~~~~~~
/home/darkkgreen/.rvm/rubies/ruby-2.4.1/include/ruby-2.4.0/ruby/intern.h:259:1: warning: ‘const’ attribute on function returning ‘void’ [-Wattributes]
 CONSTFUNC(void rb_check_trusted(VALUE));
 ^~~~~~~~~
cc1: warning: unrecognized command line option ‘-Wno-self-assign’
cc1: warning: unrecognized command line option ‘-Wno-constant-logical-operand’
cc1: warning: unrecognized command line option ‘-Wno-parentheses-equality’
checked program was:
/* begin */
1: #include "ruby.h"
2: 
3: int main(int argc, char **argv)
4: {
5:   return 0;
6: }
/* end */

"gcc -E -I/home/darkkgreen/.rvm/rubies/ruby-2.4.1/include/ruby-2.4.0/x86_64-linux -I/home/darkkgreen/.rvm/rubies/ruby-2.4.1/include/ruby-2.4.0/ruby/backward -I/home/darkkgreen/.rvm/rubies/ruby-2.4.1/include/ruby-2.4.0 -I. -I/usr/include    -O3 -fno-fast-math -ggdb3 -Wall -Wextra -Wno-unused-parameter -Wno-parentheses -Wno-long-long -Wno-missing-field-initializers -Wno-tautological-compare -Wno-parentheses-equality -Wno-constant-logical-operand -Wno-self-assign -Wunused-variable -Wimplicit-int -Wpointer-arith -Wwrite-strings -Wdeclaration-after-statement -Wimplicit-function-declaration -Wdeprecated-declarations -Wno-packed-bitfield-compat -Wsuggest-attribute=noreturn -Wsuggest-attribute=format -Wimplicit-fallthrough=0  -fPIC  conftest.c -o conftest.i"
checked program was:
/* begin */
1: #include "ruby.h"
2: 
3: #include <libpq-fe.h>
/* end */

--------------------

find_header: checking for libpq/libpq-fs.h... -------------------- yes

"gcc -E -I/home/darkkgreen/.rvm/rubies/ruby-2.4.1/include/ruby-2.4.0/x86_64-linux -I/home/darkkgreen/.rvm/rubies/ruby-2.4.1/include/ruby-2.4.0/ruby/backward -I/home/darkkgreen/.rvm/rubies/ruby-2.4.1/include/ruby-2.4.0 -I. -I/usr/include    -O3 -fno-fast-math -ggdb3 -Wall -Wextra -Wno-unused-parameter -Wno-parentheses -Wno-long-long -Wno-missing-field-initializers -Wno-tautological-compare -Wno-parentheses-equality -Wno-constant-logical-operand -Wno-self-assign -Wunused-variable -Wimplicit-int -Wpointer-arith -Wwrite-strings -Wdeclaration-after-statement -Wimplicit-function-declaration -Wdeprecated-declarations -Wno-packed-bitfield-compat -Wsuggest-attribute=noreturn -Wsuggest-attribute=format -Wimplicit-fallthrough=0  -fPIC  conftest.c -o conftest.i"
checked program was:
/* begin */
1: #include "ruby.h"
2: 
3: #include <libpq/libpq-fs.h>
/* end */

--------------------

find_header: checking for pg_config_manual.h... -------------------- yes

"gcc -E -I/home/darkkgreen/.rvm/rubies/ruby-2.4.1/include/ruby-2.4.0/x86_64-linux -I/home/darkkgreen/.rvm/rubies/ruby-2.4.1/include/ruby-2.4.0/ruby/backward -I/home/darkkgreen/.rvm/rubies/ruby-2.4.1/include/ruby-2.4.0 -I. -I/usr/include    -O3 -fno-fast-math -ggdb3 -Wall -Wextra -Wno-unused-parameter -Wno-parentheses -Wno-long-long -Wno-missing-field-initializers -Wno-tautological-compare -Wno-parentheses-equality -Wno-constant-logical-operand -Wno-self-assign -Wunused-variable -Wimplicit-int -Wpointer-arith -Wwrite-strings -Wdeclaration-after-statement -Wimplicit-function-declaration -Wdeprecated-declarations -Wno-packed-bitfield-compat -Wsuggest-attribute=noreturn -Wsuggest-attribute=format -Wimplicit-fallthrough=0  -fPIC  conftest.c -o conftest.i"
checked program was:
/* begin */
1: #include "ruby.h"
2: 
3: #include <pg_config_manual.h>
/* end */

--------------------

have_library: checking for PQconnectdb() in -lpq... -------------------- yes

"gcc -o conftest -I/home/darkkgreen/.rvm/rubies/ruby-2.4.1/include/ruby-2.4.0/x86_64-linux -I/home/darkkgreen/.rvm/rubies/ruby-2.4.1/include/ruby-2.4.0/ruby/backward -I/home/darkkgreen/.rvm/rubies/ruby-2.4.1/include/ruby-2.4.0 -I. -I/usr/include    -O3 -fno-fast-math -ggdb3 -Wall -Wextra -Wno-unused-parameter -Wno-parentheses -Wno-long-long -Wno-missing-field-initializers -Wno-tautological-compare -Wno-parentheses-equality -Wno-constant-logical-operand -Wno-self-assign -Wunused-variable -Wimplicit-int -Wpointer-arith -Wwrite-strings -Wdeclaration-after-statement -Wimplicit-function-declaration -Wdeprecated-declarations -Wno-packed-bitfield-compat -Wsuggest-attribute=noreturn -Wsuggest-attribute=format -Wimplicit-fallthrough=0  -fPIC conftest.c  -L. -L/home/darkkgreen/.rvm/rubies/ruby-2.4.1/lib -Wl,-R/home/darkkgreen/.rvm/rubies/ruby-2.4.1/lib -L/usr/lib -Wl,-R/usr/lib -L. -fstack-protector -rdynamic -Wl,-export-dynamic     -Wl,-R/home/darkkgreen/.rvm/rubies/ruby-2.4.1/lib -L/home/darkkgreen/.rvm/rubies/ruby-2.4.1/lib -lruby -lpq  -lpthread -lgmp -ldl -lcrypt -lm   -lc"
In file included from /home/darkkgreen/.rvm/rubies/ruby-2.4.1/include/ruby-2.4.0/ruby.h:33,
                 from conftest.c:1:
/home/darkkgreen/.rvm/rubies/ruby-2.4.1/include/ruby-2.4.0/ruby/ruby.h:631:1: warning: ‘const’ attribute on function returning ‘void’ [-Wattributes]
 CONSTFUNC(void rb_secure_update(VALUE));
 ^~~~~~~~~
In file included from /home/darkkgreen/.rvm/rubies/ruby-2.4.1/include/ruby-2.4.0/ruby/ruby.h:2005,
                 from /home/darkkgreen/.rvm/rubies/ruby-2.4.1/include/ruby-2.4.0/ruby.h:33,
                 from conftest.c:1:
/home/darkkgreen/.rvm/rubies/ruby-2.4.1/include/ruby-2.4.0/ruby/intern.h:257:1: warning: ‘const’ attribute on function returning ‘void’ [-Wattributes]
 CONSTFUNC(void rb_error_untrusted(VALUE));
 ^~~~~~~~~
/home/darkkgreen/.rvm/rubies/ruby-2.4.1/include/ruby-2.4.0/ruby/intern.h:259:1: warning: ‘const’ attribute on function returning ‘void’ [-Wattributes]
 CONSTFUNC(void rb_check_trusted(VALUE));
 ^~~~~~~~~
conftest.c: In function ‘t’:
conftest.c:15:43: warning: cast between incompatible function types from ‘PGconn * (*)(const char *)’ {aka ‘struct pg_conn * (*)(const char *)’} to ‘void (*)()’ [-Wcast-function-type]
 int t(void) { void ((*volatile p)()); p = (void ((*)()))PQconnectdb; return !p; }
                                           ^
conftest.c: At top level:
cc1: warning: unrecognized command line option ‘-Wno-self-assign’
cc1: warning: unrecognized command line option ‘-Wno-constant-logical-operand’
cc1: warning: unrecognized command line option ‘-Wno-parentheses-equality’
checked program was:
/* begin */
 1: #include "ruby.h"
 2: 
 3: #include <libpq-fe.h>
 4: 
 5: /*top*/
 6: extern int t(void);
 7: int main(int argc, char **argv)
 8: {
 9:   if (argc > 1000000) {
10:     printf("%p", &t);
11:   }
12: 
13:   return 0;
14: }
15: int t(void) { void ((*volatile p)()); p = (void ((*)()))PQconnectdb; return !p; }
/* end */

--------------------

have_func: checking for PQsetSingleRowMode()... -------------------- yes

"gcc -o conftest -I/home/darkkgreen/.rvm/rubies/ruby-2.4.1/include/ruby-2.4.0/x86_64-linux -I/home/darkkgreen/.rvm/rubies/ruby-2.4.1/include/ruby-2.4.0/ruby/backward -I/home/darkkgreen/.rvm/rubies/ruby-2.4.1/include/ruby-2.4.0 -I. -I/usr/include    -O3 -fno-fast-math -ggdb3 -Wall -Wextra -Wno-unused-parameter -Wno-parentheses -Wno-long-long -Wno-missing-field-initializers -Wno-tautological-compare -Wno-parentheses-equality -Wno-constant-logical-operand -Wno-self-assign -Wunused-variable -Wimplicit-int -Wpointer-arith -Wwrite-strings -Wdeclaration-after-statement -Wimplicit-function-declaration -Wdeprecated-declarations -Wno-packed-bitfield-compat -Wsuggest-attribute=noreturn -Wsuggest-attribute=format -Wimplicit-fallthrough=0  -fPIC conftest.c  -L. -L/home/darkkgreen/.rvm/rubies/ruby-2.4.1/lib -Wl,-R/home/darkkgreen/.rvm/rubies/ruby-2.4.1/lib -L/usr/lib -Wl,-R/usr/lib -L. -fstack-protector -rdynamic -Wl,-export-dynamic    -lpq  -Wl,-R/home/darkkgreen/.rvm/rubies/ruby-2.4.1/lib -L/home/darkkgreen/.rvm/rubies/ruby-2.4.1/lib -lruby -lpq  -lpthread -lgmp -ldl -lcrypt -lm   -lc"
In file included from /home/darkkgreen/.rvm/rubies/ruby-2.4.1/include/ruby-2.4.0/ruby.h:33,
                 from conftest.c:1:
/home/darkkgreen/.rvm/rubies/ruby-2.4.1/include/ruby-2.4.0/ruby/ruby.h:631:1: warning: ‘const’ attribute on function returning ‘void’ [-Wattributes]
 CONSTFUNC(void rb_secure_update(VALUE));
 ^~~~~~~~~
In file included from /home/darkkgreen/.rvm/rubies/ruby-2.4.1/include/ruby-2.4.0/ruby/ruby.h:2005,
                 from /home/darkkgreen/.rvm/rubies/ruby-2.4.1/include/ruby-2.4.0/ruby.h:33,
                 from conftest.c:1:
/home/darkkgreen/.rvm/rubies/ruby-2.4.1/include/ruby-2.4.0/ruby/intern.h:257:1: warning: ‘const’ attribute on function returning ‘void’ [-Wattributes]
 CONSTFUNC(void rb_error_untrusted(VALUE));
 ^~~~~~~~~
/home/darkkgreen/.rvm/rubies/ruby-2.4.1/include/ruby-2.4.0/ruby/intern.h:259:1: warning: ‘const’ attribute on function returning ‘void’ [-Wattributes]
 CONSTFUNC(void rb_check_trusted(VALUE));
 ^~~~~~~~~
conftest.c: In function ‘t’:
conftest.c:13:57: error: ‘PQsetSingleRowMode’ undeclared (first use in this function)
 int t(void) { void ((*volatile p)()); p = (void ((*)()))PQsetSingleRowMode; return !p; }
                                                         ^~~~~~~~~~~~~~~~~~
conftest.c:13:57: note: each undeclared identifier is reported only once for each function it appears in
conftest.c: At top level:
cc1: warning: unrecognized command line option ‘-Wno-self-assign’
cc1: warning: unrecognized command line option ‘-Wno-constant-logical-operand’
cc1: warning: unrecognized command line option ‘-Wno-parentheses-equality’
checked program was:
/* begin */
 1: #include "ruby.h"
 2: 
 3: /*top*/
 4: extern int t(void);
 5: int main(int argc, char **argv)
 6: {
 7:   if (argc > 1000000) {
 8:     printf("%p", &t);
 9:   }
10: 
11:   return 0;
12: }
13: int t(void) { void ((*volatile p)()); p = (void ((*)()))PQsetSingleRowMode; return !p; }
/* end */

"gcc -o conftest -I/home/darkkgreen/.rvm/rubies/ruby-2.4.1/include/ruby-2.4.0/x86_64-linux -I/home/darkkgreen/.rvm/rubies/ruby-2.4.1/include/ruby-2.4.0/ruby/backward -I/home/darkkgreen/.rvm/rubies/ruby-2.4.1/include/ruby-2.4.0 -I. -I/usr/include    -O3 -fno-fast-math -ggdb3 -Wall -Wextra -Wno-unused-parameter -Wno-parentheses -Wno-long-long -Wno-missing-field-initializers -Wno-tautological-compare -Wno-parentheses-equality -Wno-constant-logical-operand -Wno-self-assign -Wunused-variable -Wimplicit-int -Wpointer-arith -Wwrite-strings -Wdeclaration-after-statement -Wimplicit-function-declaration -Wdeprecated-declarations -Wno-packed-bitfield-compat -Wsuggest-attribute=noreturn -Wsuggest-attribute=format -Wimplicit-fallthrough=0  -fPIC conftest.c  -L. -L/home/darkkgreen/.rvm/rubies/ruby-2.4.1/lib -Wl,-R/home/darkkgreen/.rvm/rubies/ruby-2.4.1/lib -L/usr/lib -Wl,-R/usr/lib -L. -fstack-protector -rdynamic -Wl,-export-dynamic    -lpq  -Wl,-R/home/darkkgreen/.rvm/rubies/ruby-2.4.1/lib -L/home/darkkgreen/.rvm/rubies/ruby-2.4.1/lib -lruby -lpq  -lpthread -lgmp -ldl -lcrypt -lm   -lc"
In file included from /home/darkkgreen/.rvm/rubies/ruby-2.4.1/include/ruby-2.4.0/ruby.h:33,
                 from conftest.c:1:
/home/darkkgreen/.rvm/rubies/ruby-2.4.1/include/ruby-2.4.0/ruby/ruby.h:631:1: warning: ‘const’ attribute on function returning ‘void’ [-Wattributes]
 CONSTFUNC(void rb_secure_update(VALUE));
 ^~~~~~~~~
In file included from /home/darkkgreen/.rvm/rubies/ruby-2.4.1/include/ruby-2.4.0/ruby/ruby.h:2005,
                 from /home/darkkgreen/.rvm/rubies/ruby-2.4.1/include/ruby-2.4.0/ruby.h:33,
                 from conftest.c:1:
/home/darkkgreen/.rvm/rubies/ruby-2.4.1/include/ruby-2.4.0/ruby/intern.h:257:1: warning: ‘const’ attribute on function returning ‘void’ [-Wattributes]
 CONSTFUNC(void rb_error_untrusted(VALUE));
 ^~~~~~~~~
/home/darkkgreen/.rvm/rubies/ruby-2.4.1/include/ruby-2.4.0/ruby/intern.h:259:1: warning: ‘const’ attribute on function returning ‘void’ [-Wattributes]
 CONSTFUNC(void rb_check_trusted(VALUE));
 ^~~~~~~~~
cc1: warning: unrecognized command line option ‘-Wno-self-assign’
cc1: warning: unrecognized command line option ‘-Wno-constant-logical-operand’
cc1: warning: unrecognized command line option ‘-Wno-parentheses-equality’
checked program was:
/* begin */
 1: #include "ruby.h"
 2: 
 3: /*top*/
 4: extern int t(void);
 5: int main(int argc, char **argv)
 6: {
 7:   if (argc > 1000000) {
 8:     printf("%p", &t);
 9:   }
10: 
11:   return 0;
12: }
13: extern void PQsetSingleRowMode();
14: int t(void) { PQsetSingleRowMode(); return 0; }
/* end */

--------------------

have_func: checking for PQconninfo()... -------------------- yes

"gcc -o conftest -I/home/darkkgreen/.rvm/rubies/ruby-2.4.1/include/ruby-2.4.0/x86_64-linux -I/home/darkkgreen/.rvm/rubies/ruby-2.4.1/include/ruby-2.4.0/ruby/backward -I/home/darkkgreen/.rvm/rubies/ruby-2.4.1/include/ruby-2.4.0 -I. -I/usr/include    -O3 -fno-fast-math -ggdb3 -Wall -Wextra -Wno-unused-parameter -Wno-parentheses -Wno-long-long -Wno-missing-field-initializers -Wno-tautological-compare -Wno-parentheses-equality -Wno-constant-logical-operand -Wno-self-assign -Wunused-variable -Wimplicit-int -Wpointer-arith -Wwrite-strings -Wdeclaration-after-statement -Wimplicit-function-declaration -Wdeprecated-declarations -Wno-packed-bitfield-compat -Wsuggest-attribute=noreturn -Wsuggest-attribute=format -Wimplicit-fallthrough=0  -fPIC conftest.c  -L. -L/home/darkkgreen/.rvm/rubies/ruby-2.4.1/lib -Wl,-R/home/darkkgreen/.rvm/rubies/ruby-2.4.1/lib -L/usr/lib -Wl,-R/usr/lib -L. -fstack-protector -rdynamic -Wl,-export-dynamic    -lpq  -Wl,-R/home/darkkgreen/.rvm/rubies/ruby-2.4.1/lib -L/home/darkkgreen/.rvm/rubies/ruby-2.4.1/lib -lruby -lpq  -lpthread -lgmp -ldl -lcrypt -lm   -lc"
In file included from /home/darkkgreen/.rvm/rubies/ruby-2.4.1/include/ruby-2.4.0/ruby.h:33,
                 from conftest.c:1:
/home/darkkgreen/.rvm/rubies/ruby-2.4.1/include/ruby-2.4.0/ruby/ruby.h:631:1: warning: ‘const’ attribute on function returning ‘void’ [-Wattributes]
 CONSTFUNC(void rb_secure_update(VALUE));
 ^~~~~~~~~
In file included from /home/darkkgreen/.rvm/rubies/ruby-2.4.1/include/ruby-2.4.0/ruby/ruby.h:2005,
                 from /home/darkkgreen/.rvm/rubies/ruby-2.4.1/include/ruby-2.4.0/ruby.h:33,
                 from conftest.c:1:
/home/darkkgreen/.rvm/rubies/ruby-2.4.1/include/ruby-2.4.0/ruby/intern.h:257:1: warning: ‘const’ attribute on function returning ‘void’ [-Wattributes]
 CONSTFUNC(void rb_error_untrusted(VALUE));
 ^~~~~~~~~
/home/darkkgreen/.rvm/rubies/ruby-2.4.1/include/ruby-2.4.0/ruby/intern.h:259:1: warning: ‘const’ attribute on function returning ‘void’ [-Wattributes]
 CONSTFUNC(void rb_check_trusted(VALUE));
 ^~~~~~~~~
conftest.c: In function ‘t’:
conftest.c:13:57: error: ‘PQconninfo’ undeclared (first use in this function)
 int t(void) { void ((*volatile p)()); p = (void ((*)()))PQconninfo; return !p; }
                                                         ^~~~~~~~~~
conftest.c:13:57: note: each undeclared identifier is reported only once for each function it appears in
conftest.c: At top level:
cc1: warning: unrecognized command line option ‘-Wno-self-assign’
cc1: warning: unrecognized command line option ‘-Wno-constant-logical-operand’
cc1: warning: unrecognized command line option ‘-Wno-parentheses-equality’
checked program was:
/* begin */
 1: #include "ruby.h"
 2: 
 3: /*top*/
 4: extern int t(void);
 5: int main(int argc, char **argv)
 6: {
 7:   if (argc > 1000000) {
 8:     printf("%p", &t);
 9:   }
10: 
11:   return 0;
12: }
13: int t(void) { void ((*volatile p)()); p = (void ((*)()))PQconninfo; return !p; }
/* end */

"gcc -o conftest -I/home/darkkgreen/.rvm/rubies/ruby-2.4.1/include/ruby-2.4.0/x86_64-linux -I/home/darkkgreen/.rvm/rubies/ruby-2.4.1/include/ruby-2.4.0/ruby/backward -I/home/darkkgreen/.rvm/rubies/ruby-2.4.1/include/ruby-2.4.0 -I. -I/usr/include    -O3 -fno-fast-math -ggdb3 -Wall -Wextra -Wno-unused-parameter -Wno-parentheses -Wno-long-long -Wno-missing-field-initializers -Wno-tautological-compare -Wno-parentheses-equality -Wno-constant-logical-operand -Wno-self-assign -Wunused-variable -Wimplicit-int -Wpointer-arith -Wwrite-strings -Wdeclaration-after-statement -Wimplicit-function-declaration -Wdeprecated-declarations -Wno-packed-bitfield-compat -Wsuggest-attribute=noreturn -Wsuggest-attribute=format -Wimplicit-fallthrough=0  -fPIC conftest.c  -L. -L/home/darkkgreen/.rvm/rubies/ruby-2.4.1/lib -Wl,-R/home/darkkgreen/.rvm/rubies/ruby-2.4.1/lib -L/usr/lib -Wl,-R/usr/lib -L. -fstack-protector -rdynamic -Wl,-export-dynamic    -lpq  -Wl,-R/home/darkkgreen/.rvm/rubies/ruby-2.4.1/lib -L/home/darkkgreen/.rvm/rubies/ruby-2.4.1/lib -lruby -lpq  -lpthread -lgmp -ldl -lcrypt -lm   -lc"
In file included from /home/darkkgreen/.rvm/rubies/ruby-2.4.1/include/ruby-2.4.0/ruby.h:33,
                 from conftest.c:1:
/home/darkkgreen/.rvm/rubies/ruby-2.4.1/include/ruby-2.4.0/ruby/ruby.h:631:1: warning: ‘const’ attribute on function returning ‘void’ [-Wattributes]
 CONSTFUNC(void rb_secure_update(VALUE));
 ^~~~~~~~~
In file included from /home/darkkgreen/.rvm/rubies/ruby-2.4.1/include/ruby-2.4.0/ruby/ruby.h:2005,
                 from /home/darkkgreen/.rvm/rubies/ruby-2.4.1/include/ruby-2.4.0/ruby.h:33,
                 from conftest.c:1:
/home/darkkgreen/.rvm/rubies/ruby-2.4.1/include/ruby-2.4.0/ruby/intern.h:257:1: warning: ‘const’ attribute on function returning ‘void’ [-Wattributes]
 CONSTFUNC(void rb_error_untrusted(VALUE));
 ^~~~~~~~~
/home/darkkgreen/.rvm/rubies/ruby-2.4.1/include/ruby-2.4.0/ruby/intern.h:259:1: warning: ‘const’ attribute on function returning ‘void’ [-Wattributes]
 CONSTFUNC(void rb_check_trusted(VALUE));
 ^~~~~~~~~
cc1: warning: unrecognized command line option ‘-Wno-self-assign’
cc1: warning: unrecognized command line option ‘-Wno-constant-logical-operand’
cc1: warning: unrecognized command line option ‘-Wno-parentheses-equality’
checked program was:
/* begin */
 1: #include "ruby.h"
 2: 
 3: /*top*/
 4: extern int t(void);
 5: int main(int argc, char **argv)
 6: {
 7:   if (argc > 1000000) {
 8:     printf("%p", &t);
 9:   }
10: 
11:   return 0;
12: }
13: extern void PQconninfo();
14: int t(void) { PQconninfo(); return 0; }
/* end */

--------------------

have_func: checking for PQsslAttribute()... -------------------- yes

"gcc -o conftest -I/home/darkkgreen/.rvm/rubies/ruby-2.4.1/include/ruby-2.4.0/x86_64-linux -I/home/darkkgreen/.rvm/rubies/ruby-2.4.1/include/ruby-2.4.0/ruby/backward -I/home/darkkgreen/.rvm/rubies/ruby-2.4.1/include/ruby-2.4.0 -I. -I/usr/include    -O3 -fno-fast-math -ggdb3 -Wall -Wextra -Wno-unused-parameter -Wno-parentheses -Wno-long-long -Wno-missing-field-initializers -Wno-tautological-compare -Wno-parentheses-equality -Wno-constant-logical-operand -Wno-self-assign -Wunused-variable -Wimplicit-int -Wpointer-arith -Wwrite-strings -Wdeclaration-after-statement -Wimplicit-function-declaration -Wdeprecated-declarations -Wno-packed-bitfield-compat -Wsuggest-attribute=noreturn -Wsuggest-attribute=format -Wimplicit-fallthrough=0  -fPIC conftest.c  -L. -L/home/darkkgreen/.rvm/rubies/ruby-2.4.1/lib -Wl,-R/home/darkkgreen/.rvm/rubies/ruby-2.4.1/lib -L/usr/lib -Wl,-R/usr/lib -L. -fstack-protector -rdynamic -Wl,-export-dynamic    -lpq  -Wl,-R/home/darkkgreen/.rvm/rubies/ruby-2.4.1/lib -L/home/darkkgreen/.rvm/rubies/ruby-2.4.1/lib -lruby -lpq  -lpthread -lgmp -ldl -lcrypt -lm   -lc"
In file included from /home/darkkgreen/.rvm/rubies/ruby-2.4.1/include/ruby-2.4.0/ruby.h:33,
                 from conftest.c:1:
/home/darkkgreen/.rvm/rubies/ruby-2.4.1/include/ruby-2.4.0/ruby/ruby.h:631:1: warning: ‘const’ attribute on function returning ‘void’ [-Wattributes]
 CONSTFUNC(void rb_secure_update(VALUE));
 ^~~~~~~~~
In file included from /home/darkkgreen/.rvm/rubies/ruby-2.4.1/include/ruby-2.4.0/ruby/ruby.h:2005,
                 from /home/darkkgreen/.rvm/rubies/ruby-2.4.1/include/ruby-2.4.0/ruby.h:33,
                 from conftest.c:1:
/home/darkkgreen/.rvm/rubies/ruby-2.4.1/include/ruby-2.4.0/ruby/intern.h:257:1: warning: ‘const’ attribute on function returning ‘void’ [-Wattributes]
 CONSTFUNC(void rb_error_untrusted(VALUE));
 ^~~~~~~~~
/home/darkkgreen/.rvm/rubies/ruby-2.4.1/include/ruby-2.4.0/ruby/intern.h:259:1: warning: ‘const’ attribute on function returning ‘void’ [-Wattributes]
 CONSTFUNC(void rb_check_trusted(VALUE));
 ^~~~~~~~~
conftest.c: In function ‘t’:
conftest.c:13:57: error: ‘PQsslAttribute’ undeclared (first use in this function); did you mean ‘__has_attribute’?
 int t(void) { void ((*volatile p)()); p = (void ((*)()))PQsslAttribute; return !p; }
                                                         ^~~~~~~~~~~~~~
                                                         __has_attribute
conftest.c:13:57: note: each undeclared identifier is reported only once for each function it appears in
conftest.c: At top level:
cc1: warning: unrecognized command line option ‘-Wno-self-assign’
cc1: warning: unrecognized command line option ‘-Wno-constant-logical-operand’
cc1: warning: unrecognized command line option ‘-Wno-parentheses-equality’
checked program was:
/* begin */
 1: #include "ruby.h"
 2: 
 3: /*top*/
 4: extern int t(void);
 5: int main(int argc, char **argv)
 6: {
 7:   if (argc > 1000000) {
 8:     printf("%p", &t);
 9:   }
10: 
11:   return 0;
12: }
13: int t(void) { void ((*volatile p)()); p = (void ((*)()))PQsslAttribute; return !p; }
/* end */

"gcc -o conftest -I/home/darkkgreen/.rvm/rubies/ruby-2.4.1/include/ruby-2.4.0/x86_64-linux -I/home/darkkgreen/.rvm/rubies/ruby-2.4.1/include/ruby-2.4.0/ruby/backward -I/home/darkkgreen/.rvm/rubies/ruby-2.4.1/include/ruby-2.4.0 -I. -I/usr/include    -O3 -fno-fast-math -ggdb3 -Wall -Wextra -Wno-unused-parameter -Wno-parentheses -Wno-long-long -Wno-missing-field-initializers -Wno-tautological-compare -Wno-parentheses-equality -Wno-constant-logical-operand -Wno-self-assign -Wunused-variable -Wimplicit-int -Wpointer-arith -Wwrite-strings -Wdeclaration-after-statement -Wimplicit-function-declaration -Wdeprecated-declarations -Wno-packed-bitfield-compat -Wsuggest-attribute=noreturn -Wsuggest-attribute=format -Wimplicit-fallthrough=0  -fPIC conftest.c  -L. -L/home/darkkgreen/.rvm/rubies/ruby-2.4.1/lib -Wl,-R/home/darkkgreen/.rvm/rubies/ruby-2.4.1/lib -L/usr/lib -Wl,-R/usr/lib -L. -fstack-protector -rdynamic -Wl,-export-dynamic    -lpq  -Wl,-R/home/darkkgreen/.rvm/rubies/ruby-2.4.1/lib -L/home/darkkgreen/.rvm/rubies/ruby-2.4.1/lib -lruby -lpq  -lpthread -lgmp -ldl -lcrypt -lm   -lc"
In file included from /home/darkkgreen/.rvm/rubies/ruby-2.4.1/include/ruby-2.4.0/ruby.h:33,
                 from conftest.c:1:
/home/darkkgreen/.rvm/rubies/ruby-2.4.1/include/ruby-2.4.0/ruby/ruby.h:631:1: warning: ‘const’ attribute on function returning ‘void’ [-Wattributes]
 CONSTFUNC(void rb_secure_update(VALUE));
 ^~~~~~~~~
In file included from /home/darkkgreen/.rvm/rubies/ruby-2.4.1/include/ruby-2.4.0/ruby/ruby.h:2005,
                 from /home/darkkgreen/.rvm/rubies/ruby-2.4.1/include/ruby-2.4.0/ruby.h:33,
                 from conftest.c:1:
/home/darkkgreen/.rvm/rubies/ruby-2.4.1/include/ruby-2.4.0/ruby/intern.h:257:1: warning: ‘const’ attribute on function returning ‘void’ [-Wattributes]
 CONSTFUNC(void rb_error_untrusted(VALUE));
 ^~~~~~~~~
/home/darkkgreen/.rvm/rubies/ruby-2.4.1/include/ruby-2.4.0/ruby/intern.h:259:1: warning: ‘const’ attribute on function returning ‘void’ [-Wattributes]
 CONSTFUNC(void rb_check_trusted(VALUE));
 ^~~~~~~~~
cc1: warning: unrecognized command line option ‘-Wno-self-assign’
cc1: warning: unrecognized command line option ‘-Wno-constant-logical-operand’
cc1: warning: unrecognized command line option ‘-Wno-parentheses-equality’
checked program was:
/* begin */
 1: #include "ruby.h"
 2: 
 3: /*top*/
 4: extern int t(void);
 5: int main(int argc, char **argv)
 6: {
 7:   if (argc > 1000000) {
 8:     printf("%p", &t);
 9:   }
10: 
11:   return 0;
12: }
13: extern void PQsslAttribute();
14: int t(void) { PQsslAttribute(); return 0; }
/* end */

--------------------

have_func: checking for PQencryptPasswordConn()... -------------------- yes

"gcc -o conftest -I/home/darkkgreen/.rvm/rubies/ruby-2.4.1/include/ruby-2.4.0/x86_64-linux -I/home/darkkgreen/.rvm/rubies/ruby-2.4.1/include/ruby-2.4.0/ruby/backward -I/home/darkkgreen/.rvm/rubies/ruby-2.4.1/include/ruby-2.4.0 -I. -I/usr/include    -O3 -fno-fast-math -ggdb3 -Wall -Wextra -Wno-unused-parameter -Wno-parentheses -Wno-long-long -Wno-missing-field-initializers -Wno-tautological-compare -Wno-parentheses-equality -Wno-constant-logical-operand -Wno-self-assign -Wunused-variable -Wimplicit-int -Wpointer-arith -Wwrite-strings -Wdeclaration-after-statement -Wimplicit-function-declaration -Wdeprecated-declarations -Wno-packed-bitfield-compat -Wsuggest-attribute=noreturn -Wsuggest-attribute=format -Wimplicit-fallthrough=0  -fPIC conftest.c  -L. -L/home/darkkgreen/.rvm/rubies/ruby-2.4.1/lib -Wl,-R/home/darkkgreen/.rvm/rubies/ruby-2.4.1/lib -L/usr/lib -Wl,-R/usr/lib -L. -fstack-protector -rdynamic -Wl,-export-dynamic    -lpq  -Wl,-R/home/darkkgreen/.rvm/rubies/ruby-2.4.1/lib -L/home/darkkgreen/.rvm/rubies/ruby-2.4.1/lib -lruby -lpq  -lpthread -lgmp -ldl -lcrypt -lm   -lc"
In file included from /home/darkkgreen/.rvm/rubies/ruby-2.4.1/include/ruby-2.4.0/ruby.h:33,
                 from conftest.c:1:
/home/darkkgreen/.rvm/rubies/ruby-2.4.1/include/ruby-2.4.0/ruby/ruby.h:631:1: warning: ‘const’ attribute on function returning ‘void’ [-Wattributes]
 CONSTFUNC(void rb_secure_update(VALUE));
 ^~~~~~~~~
In file included from /home/darkkgreen/.rvm/rubies/ruby-2.4.1/include/ruby-2.4.0/ruby/ruby.h:2005,
                 from /home/darkkgreen/.rvm/rubies/ruby-2.4.1/include/ruby-2.4.0/ruby.h:33,
                 from conftest.c:1:
/home/darkkgreen/.rvm/rubies/ruby-2.4.1/include/ruby-2.4.0/ruby/intern.h:257:1: warning: ‘const’ attribute on function returning ‘void’ [-Wattributes]
 CONSTFUNC(void rb_error_untrusted(VALUE));
 ^~~~~~~~~
/home/darkkgreen/.rvm/rubies/ruby-2.4.1/include/ruby-2.4.0/ruby/intern.h:259:1: warning: ‘const’ attribute on function returning ‘void’ [-Wattributes]
 CONSTFUNC(void rb_check_trusted(VALUE));
 ^~~~~~~~~
conftest.c: In function ‘t’:
conftest.c:13:57: error: ‘PQencryptPasswordConn’ undeclared (first use in this function)
 int t(void) { void ((*volatile p)()); p = (void ((*)()))PQencryptPasswordConn; return !p; }
                                                         ^~~~~~~~~~~~~~~~~~~~~
conftest.c:13:57: note: each undeclared identifier is reported only once for each function it appears in
conftest.c: At top level:
cc1: warning: unrecognized command line option ‘-Wno-self-assign’
cc1: warning: unrecognized command line option ‘-Wno-constant-logical-operand’
cc1: warning: unrecognized command line option ‘-Wno-parentheses-equality’
checked program was:
/* begin */
 1: #include "ruby.h"
 2: 
 3: /*top*/
 4: extern int t(void);
 5: int main(int argc, char **argv)
 6: {
 7:   if (argc > 1000000) {
 8:     printf("%p", &t);
 9:   }
10: 
11:   return 0;
12: }
13: int t(void) { void ((*volatile p)()); p = (void ((*)()))PQencryptPasswordConn; return !p; }
/* end */

"gcc -o conftest -I/home/darkkgreen/.rvm/rubies/ruby-2.4.1/include/ruby-2.4.0/x86_64-linux -I/home/darkkgreen/.rvm/rubies/ruby-2.4.1/include/ruby-2.4.0/ruby/backward -I/home/darkkgreen/.rvm/rubies/ruby-2.4.1/include/ruby-2.4.0 -I. -I/usr/include    -O3 -fno-fast-math -ggdb3 -Wall -Wextra -Wno-unused-parameter -Wno-parentheses -Wno-long-long -Wno-missing-field-initializers -Wno-tautological-compare -Wno-parentheses-equality -Wno-constant-logical-operand -Wno-self-assign -Wunused-variable -Wimplicit-int -Wpointer-arith -Wwrite-strings -Wdeclaration-after-statement -Wimplicit-function-declaration -Wdeprecated-declarations -Wno-packed-bitfield-compat -Wsuggest-attribute=noreturn -Wsuggest-attribute=format -Wimplicit-fallthrough=0  -fPIC conftest.c  -L. -L/home/darkkgreen/.rvm/rubies/ruby-2.4.1/lib -Wl,-R/home/darkkgreen/.rvm/rubies/ruby-2.4.1/lib -L/usr/lib -Wl,-R/usr/lib -L. -fstack-protector -rdynamic -Wl,-export-dynamic    -lpq  -Wl,-R/home/darkkgreen/.rvm/rubies/ruby-2.4.1/lib -L/home/darkkgreen/.rvm/rubies/ruby-2.4.1/lib -lruby -lpq  -lpthread -lgmp -ldl -lcrypt -lm   -lc"
In file included from /home/darkkgreen/.rvm/rubies/ruby-2.4.1/include/ruby-2.4.0/ruby.h:33,
                 from conftest.c:1:
/home/darkkgreen/.rvm/rubies/ruby-2.4.1/include/ruby-2.4.0/ruby/ruby.h:631:1: warning: ‘const’ attribute on function returning ‘void’ [-Wattributes]
 CONSTFUNC(void rb_secure_update(VALUE));
 ^~~~~~~~~
In file included from /home/darkkgreen/.rvm/rubies/ruby-2.4.1/include/ruby-2.4.0/ruby/ruby.h:2005,
                 from /home/darkkgreen/.rvm/rubies/ruby-2.4.1/include/ruby-2.4.0/ruby.h:33,
                 from conftest.c:1:
/home/darkkgreen/.rvm/rubies/ruby-2.4.1/include/ruby-2.4.0/ruby/intern.h:257:1: warning: ‘const’ attribute on function returning ‘void’ [-Wattributes]
 CONSTFUNC(void rb_error_untrusted(VALUE));
 ^~~~~~~~~
/home/darkkgreen/.rvm/rubies/ruby-2.4.1/include/ruby-2.4.0/ruby/intern.h:259:1: warning: ‘const’ attribute on function returning ‘void’ [-Wattributes]
 CONSTFUNC(void rb_check_trusted(VALUE));
 ^~~~~~~~~
cc1: warning: unrecognized command line option ‘-Wno-self-assign’
cc1: warning: unrecognized command line option ‘-Wno-constant-logical-operand’
cc1: warning: unrecognized command line option ‘-Wno-parentheses-equality’
checked program was:
/* begin */
 1: #include "ruby.h"
 2: 
 3: /*top*/
 4: extern int t(void);
 5: int main(int argc, char **argv)
 6: {
 7:   if (argc > 1000000) {
 8:     printf("%p", &t);
 9:   }
10: 
11:   return 0;
12: }
13: extern void PQencryptPasswordConn();
14: int t(void) { PQencryptPasswordConn(); return 0; }
/* end */

--------------------

have_func: checking for timegm()... -------------------- yes

"gcc -o conftest -I/home/darkkgreen/.rvm/rubies/ruby-2.4.1/include/ruby-2.4.0/x86_64-linux -I/home/darkkgreen/.rvm/rubies/ruby-2.4.1/include/ruby-2.4.0/ruby/backward -I/home/darkkgreen/.rvm/rubies/ruby-2.4.1/include/ruby-2.4.0 -I. -I/usr/include    -O3 -fno-fast-math -ggdb3 -Wall -Wextra -Wno-unused-parameter -Wno-parentheses -Wno-long-long -Wno-missing-field-initializers -Wno-tautological-compare -Wno-parentheses-equality -Wno-constant-logical-operand -Wno-self-assign -Wunused-variable -Wimplicit-int -Wpointer-arith -Wwrite-strings -Wdeclaration-after-statement -Wimplicit-function-declaration -Wdeprecated-declarations -Wno-packed-bitfield-compat -Wsuggest-attribute=noreturn -Wsuggest-attribute=format -Wimplicit-fallthrough=0  -fPIC conftest.c  -L. -L/home/darkkgreen/.rvm/rubies/ruby-2.4.1/lib -Wl,-R/home/darkkgreen/.rvm/rubies/ruby-2.4.1/lib -L/usr/lib -Wl,-R/usr/lib -L. -fstack-protector -rdynamic -Wl,-export-dynamic    -lpq  -Wl,-R/home/darkkgreen/.rvm/rubies/ruby-2.4.1/lib -L/home/darkkgreen/.rvm/rubies/ruby-2.4.1/lib -lruby -lpq  -lpthread -lgmp -ldl -lcrypt -lm   -lc"
In file included from /home/darkkgreen/.rvm/rubies/ruby-2.4.1/include/ruby-2.4.0/ruby.h:33,
                 from conftest.c:1:
/home/darkkgreen/.rvm/rubies/ruby-2.4.1/include/ruby-2.4.0/ruby/ruby.h:631:1: warning: ‘const’ attribute on function returning ‘void’ [-Wattributes]
 CONSTFUNC(void rb_secure_update(VALUE));
 ^~~~~~~~~
In file included from /home/darkkgreen/.rvm/rubies/ruby-2.4.1/include/ruby-2.4.0/ruby/ruby.h:2005,
                 from /home/darkkgreen/.rvm/rubies/ruby-2.4.1/include/ruby-2.4.0/ruby.h:33,
                 from conftest.c:1:
/home/darkkgreen/.rvm/rubies/ruby-2.4.1/include/ruby-2.4.0/ruby/intern.h:257:1: warning: ‘const’ attribute on function returning ‘void’ [-Wattributes]
 CONSTFUNC(void rb_error_untrusted(VALUE));
 ^~~~~~~~~
/home/darkkgreen/.rvm/rubies/ruby-2.4.1/include/ruby-2.4.0/ruby/intern.h:259:1: warning: ‘const’ attribute on function returning ‘void’ [-Wattributes]
 CONSTFUNC(void rb_check_trusted(VALUE));
 ^~~~~~~~~
conftest.c: In function ‘t’:
conftest.c:13:57: error: ‘timegm’ undeclared (first use in this function); did you mean ‘time_t’?
 int t(void) { void ((*volatile p)()); p = (void ((*)()))timegm; return !p; }
                                                         ^~~~~~
                                                         time_t
conftest.c:13:57: note: each undeclared identifier is reported only once for each function it appears in
conftest.c: At top level:
cc1: warning: unrecognized command line option ‘-Wno-self-assign’
cc1: warning: unrecognized command line option ‘-Wno-constant-logical-operand’
cc1: warning: unrecognized command line option ‘-Wno-parentheses-equality’
checked program was:
/* begin */
 1: #include "ruby.h"
 2: 
 3: /*top*/
 4: extern int t(void);
 5: int main(int argc, char **argv)
 6: {
 7:   if (argc > 1000000) {
 8:     printf("%p", &t);
 9:   }
10: 
11:   return 0;
12: }
13: int t(void) { void ((*volatile p)()); p = (void ((*)()))timegm; return !p; }
/* end */

"gcc -o conftest -I/home/darkkgreen/.rvm/rubies/ruby-2.4.1/include/ruby-2.4.0/x86_64-linux -I/home/darkkgreen/.rvm/rubies/ruby-2.4.1/include/ruby-2.4.0/ruby/backward -I/home/darkkgreen/.rvm/rubies/ruby-2.4.1/include/ruby-2.4.0 -I. -I/usr/include    -O3 -fno-fast-math -ggdb3 -Wall -Wextra -Wno-unused-parameter -Wno-parentheses -Wno-long-long -Wno-missing-field-initializers -Wno-tautological-compare -Wno-parentheses-equality -Wno-constant-logical-operand -Wno-self-assign -Wunused-variable -Wimplicit-int -Wpointer-arith -Wwrite-strings -Wdeclaration-after-statement -Wimplicit-function-declaration -Wdeprecated-declarations -Wno-packed-bitfield-compat -Wsuggest-attribute=noreturn -Wsuggest-attribute=format -Wimplicit-fallthrough=0  -fPIC conftest.c  -L. -L/home/darkkgreen/.rvm/rubies/ruby-2.4.1/lib -Wl,-R/home/darkkgreen/.rvm/rubies/ruby-2.4.1/lib -L/usr/lib -Wl,-R/usr/lib -L. -fstack-protector -rdynamic -Wl,-export-dynamic    -lpq  -Wl,-R/home/darkkgreen/.rvm/rubies/ruby-2.4.1/lib -L/home/darkkgreen/.rvm/rubies/ruby-2.4.1/lib -lruby -lpq  -lpthread -lgmp -ldl -lcrypt -lm   -lc"
In file included from /home/darkkgreen/.rvm/rubies/ruby-2.4.1/include/ruby-2.4.0/ruby.h:33,
                 from conftest.c:1:
/home/darkkgreen/.rvm/rubies/ruby-2.4.1/include/ruby-2.4.0/ruby/ruby.h:631:1: warning: ‘const’ attribute on function returning ‘void’ [-Wattributes]
 CONSTFUNC(void rb_secure_update(VALUE));
 ^~~~~~~~~
In file included from /home/darkkgreen/.rvm/rubies/ruby-2.4.1/include/ruby-2.4.0/ruby/ruby.h:2005,
                 from /home/darkkgreen/.rvm/rubies/ruby-2.4.1/include/ruby-2.4.0/ruby.h:33,
                 from conftest.c:1:
/home/darkkgreen/.rvm/rubies/ruby-2.4.1/include/ruby-2.4.0/ruby/intern.h:257:1: warning: ‘const’ attribute on function returning ‘void’ [-Wattributes]
 CONSTFUNC(void rb_error_untrusted(VALUE));
 ^~~~~~~~~
/home/darkkgreen/.rvm/rubies/ruby-2.4.1/include/ruby-2.4.0/ruby/intern.h:259:1: warning: ‘const’ attribute on function returning ‘void’ [-Wattributes]
 CONSTFUNC(void rb_check_trusted(VALUE));
 ^~~~~~~~~
cc1: warning: unrecognized command line option ‘-Wno-self-assign’
cc1: warning: unrecognized command line option ‘-Wno-constant-logical-operand’
cc1: warning: unrecognized command line option ‘-Wno-parentheses-equality’
checked program was:
/* begin */
 1: #include "ruby.h"
 2: 
 3: /*top*/
 4: extern int t(void);
 5: int main(int argc, char **argv)
 6: {
 7:   if (argc > 1000000) {
 8:     printf("%p", &t);
 9:   }
10: 
11:   return 0;
12: }
13: extern void timegm();
14: int t(void) { timegm(); return 0; }
/* end */

--------------------

have_func: checking for rb_gc_adjust_memory_usage()... -------------------- yes

"gcc -o conftest -I/home/darkkgreen/.rvm/rubies/ruby-2.4.1/include/ruby-2.4.0/x86_64-linux -I/home/darkkgreen/.rvm/rubies/ruby-2.4.1/include/ruby-2.4.0/ruby/backward -I/home/darkkgreen/.rvm/rubies/ruby-2.4.1/include/ruby-2.4.0 -I. -I/usr/include    -O3 -fno-fast-math -ggdb3 -Wall -Wextra -Wno-unused-parameter -Wno-parentheses -Wno-long-long -Wno-missing-field-initializers -Wno-tautological-compare -Wno-parentheses-equality -Wno-constant-logical-operand -Wno-self-assign -Wunused-variable -Wimplicit-int -Wpointer-arith -Wwrite-strings -Wdeclaration-after-statement -Wimplicit-function-declaration -Wdeprecated-declarations -Wno-packed-bitfield-compat -Wsuggest-attribute=noreturn -Wsuggest-attribute=format -Wimplicit-fallthrough=0  -fPIC conftest.c  -L. -L/home/darkkgreen/.rvm/rubies/ruby-2.4.1/lib -Wl,-R/home/darkkgreen/.rvm/rubies/ruby-2.4.1/lib -L/usr/lib -Wl,-R/usr/lib -L. -fstack-protector -rdynamic -Wl,-export-dynamic    -lpq  -Wl,-R/home/darkkgreen/.rvm/rubies/ruby-2.4.1/lib -L/home/darkkgreen/.rvm/rubies/ruby-2.4.1/lib -lruby -lpq  -lpthread -lgmp -ldl -lcrypt -lm   -lc"
In file included from /home/darkkgreen/.rvm/rubies/ruby-2.4.1/include/ruby-2.4.0/ruby.h:33,
                 from conftest.c:1:
/home/darkkgreen/.rvm/rubies/ruby-2.4.1/include/ruby-2.4.0/ruby/ruby.h:631:1: warning: ‘const’ attribute on function returning ‘void’ [-Wattributes]
 CONSTFUNC(void rb_secure_update(VALUE));
 ^~~~~~~~~
In file included from /home/darkkgreen/.rvm/rubies/ruby-2.4.1/include/ruby-2.4.0/ruby/ruby.h:2005,
                 from /home/darkkgreen/.rvm/rubies/ruby-2.4.1/include/ruby-2.4.0/ruby.h:33,
                 from conftest.c:1:
/home/darkkgreen/.rvm/rubies/ruby-2.4.1/include/ruby-2.4.0/ruby/intern.h:257:1: warning: ‘const’ attribute on function returning ‘void’ [-Wattributes]
 CONSTFUNC(void rb_error_untrusted(VALUE));
 ^~~~~~~~~
/home/darkkgreen/.rvm/rubies/ruby-2.4.1/include/ruby-2.4.0/ruby/intern.h:259:1: warning: ‘const’ attribute on function returning ‘void’ [-Wattributes]
 CONSTFUNC(void rb_check_trusted(VALUE));
 ^~~~~~~~~
cc1: warning: unrecognized command line option ‘-Wno-self-assign’
cc1: warning: unrecognized command line option ‘-Wno-constant-logical-operand’
cc1: warning: unrecognized command line option ‘-Wno-parentheses-equality’
checked program was:
/* begin */
 1: #include "ruby.h"
 2: 
 3: /*top*/
 4: extern int t(void);
 5: int main(int argc, char **argv)
 6: {
 7:   if (argc > 1000000) {
 8:     printf("%p", &t);
 9:   }
10: 
11:   return 0;
12: }
13: int t(void) { void ((*volatile p)()); p = (void ((*)()))rb_gc_adjust_memory_usage; return !p; }
/* end */

--------------------

have_const: checking for PG_DIAG_TABLE_NAME in libpq-fe.h... -------------------- yes

"gcc -I/home/darkkgreen/.rvm/rubies/ruby-2.4.1/include/ruby-2.4.0/x86_64-linux -I/home/darkkgreen/.rvm/rubies/ruby-2.4.1/include/ruby-2.4.0/ruby/backward -I/home/darkkgreen/.rvm/rubies/ruby-2.4.1/include/ruby-2.4.0 -I. -I/usr/include    -O3 -fno-fast-math -ggdb3 -Wall -Wextra -Wno-unused-parameter -Wno-parentheses -Wno-long-long -Wno-missing-field-initializers -Wno-tautological-compare -Wno-parentheses-equality -Wno-constant-logical-operand -Wno-self-assign -Wunused-variable -Wimplicit-int -Wpointer-arith -Wwrite-strings -Wdeclaration-after-statement -Wimplicit-function-declaration -Wdeprecated-declarations -Wno-packed-bitfield-compat -Wsuggest-attribute=noreturn -Wsuggest-attribute=format -Wimplicit-fallthrough=0  -fPIC   -c conftest.c"
In file included from /home/darkkgreen/.rvm/rubies/ruby-2.4.1/include/ruby-2.4.0/ruby.h:33,
                 from conftest.c:1:
/home/darkkgreen/.rvm/rubies/ruby-2.4.1/include/ruby-2.4.0/ruby/ruby.h:631:1: warning: ‘const’ attribute on function returning ‘void’ [-Wattributes]
 CONSTFUNC(void rb_secure_update(VALUE));
 ^~~~~~~~~
In file included from /home/darkkgreen/.rvm/rubies/ruby-2.4.1/include/ruby-2.4.0/ruby/ruby.h:2005,
                 from /home/darkkgreen/.rvm/rubies/ruby-2.4.1/include/ruby-2.4.0/ruby.h:33,
                 from conftest.c:1:
/home/darkkgreen/.rvm/rubies/ruby-2.4.1/include/ruby-2.4.0/ruby/intern.h:257:1: warning: ‘const’ attribute on function returning ‘void’ [-Wattributes]
 CONSTFUNC(void rb_error_untrusted(VALUE));
 ^~~~~~~~~
/home/darkkgreen/.rvm/rubies/ruby-2.4.1/include/ruby-2.4.0/ruby/intern.h:259:1: warning: ‘const’ attribute on function returning ‘void’ [-Wattributes]
 CONSTFUNC(void rb_check_trusted(VALUE));
 ^~~~~~~~~
cc1: warning: unrecognized command line option ‘-Wno-self-assign’
cc1: warning: unrecognized command line option ‘-Wno-constant-logical-operand’
cc1: warning: unrecognized command line option ‘-Wno-parentheses-equality’
checked program was:
/* begin */
1: #include "ruby.h"
2: 
3: #include <libpq-fe.h>
4: 
5: /*top*/
6: typedef int conftest_type;
7: conftest_type conftestval = (int)PG_DIAG_TABLE_NAME;
/* end */

--------------------

have_header: checking for unistd.h... -------------------- yes

"gcc -E -I/home/darkkgreen/.rvm/rubies/ruby-2.4.1/include/ruby-2.4.0/x86_64-linux -I/home/darkkgreen/.rvm/rubies/ruby-2.4.1/include/ruby-2.4.0/ruby/backward -I/home/darkkgreen/.rvm/rubies/ruby-2.4.1/include/ruby-2.4.0 -I. -I/usr/include    -O3 -fno-fast-math -ggdb3 -Wall -Wextra -Wno-unused-parameter -Wno-parentheses -Wno-long-long -Wno-missing-field-initializers -Wno-tautological-compare -Wno-parentheses-equality -Wno-constant-logical-operand -Wno-self-assign -Wunused-variable -Wimplicit-int -Wpointer-arith -Wwrite-strings -Wdeclaration-after-statement -Wimplicit-function-declaration -Wdeprecated-declarations -Wno-packed-bitfield-compat -Wsuggest-attribute=noreturn -Wsuggest-attribute=format -Wimplicit-fallthrough=0  -fPIC  conftest.c -o conftest.i"
checked program was:
/* begin */
1: #include "ruby.h"
2: 
3: #include <unistd.h>
/* end */

--------------------

have_header: checking for inttypes.h... -------------------- yes

"gcc -E -I/home/darkkgreen/.rvm/rubies/ruby-2.4.1/include/ruby-2.4.0/x86_64-linux -I/home/darkkgreen/.rvm/rubies/ruby-2.4.1/include/ruby-2.4.0/ruby/backward -I/home/darkkgreen/.rvm/rubies/ruby-2.4.1/include/ruby-2.4.0 -I. -I/usr/include    -O3 -fno-fast-math -ggdb3 -Wall -Wextra -Wno-unused-parameter -Wno-parentheses -Wno-long-long -Wno-missing-field-initializers -Wno-tautological-compare -Wno-parentheses-equality -Wno-constant-logical-operand -Wno-self-assign -Wunused-variable -Wimplicit-int -Wpointer-arith -Wwrite-strings -Wdeclaration-after-statement -Wimplicit-function-declaration -Wdeprecated-declarations -Wno-packed-bitfield-compat -Wsuggest-attribute=noreturn -Wsuggest-attribute=format -Wimplicit-fallthrough=0  -fPIC  conftest.c -o conftest.i"
checked program was:
/* begin */
1: #include "ruby.h"
2: 
3: #include <inttypes.h>
/* end */

--------------------

checking for C99 variable length arrays... -------------------- yes

"gcc -I/home/darkkgreen/.rvm/rubies/ruby-2.4.1/include/ruby-2.4.0/x86_64-linux -I/home/darkkgreen/.rvm/rubies/ruby-2.4.1/include/ruby-2.4.0/ruby/backward -I/home/darkkgreen/.rvm/rubies/ruby-2.4.1/include/ruby-2.4.0 -I. -I/usr/include    -O3 -fno-fast-math -ggdb3 -Wall -Wextra -Wno-unused-parameter -Wno-parentheses -Wno-long-long -Wno-missing-field-initializers -Wno-tautological-compare -Wno-parentheses-equality -Wno-constant-logical-operand -Wno-self-assign -Wunused-variable -Wimplicit-int -Wpointer-arith -Wwrite-strings -Wdeclaration-after-statement -Wimplicit-function-declaration -Wdeprecated-declarations -Wno-packed-bitfield-compat -Wsuggest-attribute=noreturn -Wsuggest-attribute=format -Wimplicit-fallthrough=0  -fPIC   -c conftest.c"
In file included from /home/darkkgreen/.rvm/rubies/ruby-2.4.1/include/ruby-2.4.0/ruby.h:33,
                 from conftest.c:1:
/home/darkkgreen/.rvm/rubies/ruby-2.4.1/include/ruby-2.4.0/ruby/ruby.h:631:1: warning: ‘const’ attribute on function returning ‘void’ [-Wattributes]
 CONSTFUNC(void rb_secure_update(VALUE));
 ^~~~~~~~~
In file included from /home/darkkgreen/.rvm/rubies/ruby-2.4.1/include/ruby-2.4.0/ruby/ruby.h:2005,
                 from /home/darkkgreen/.rvm/rubies/ruby-2.4.1/include/ruby-2.4.0/ruby.h:33,
                 from conftest.c:1:
/home/darkkgreen/.rvm/rubies/ruby-2.4.1/include/ruby-2.4.0/ruby/intern.h:257:1: warning: ‘const’ attribute on function returning ‘void’ [-Wattributes]
 CONSTFUNC(void rb_error_untrusted(VALUE));
 ^~~~~~~~~
/home/darkkgreen/.rvm/rubies/ruby-2.4.1/include/ruby-2.4.0/ruby/intern.h:259:1: warning: ‘const’ attribute on function returning ‘void’ [-Wattributes]
 CONSTFUNC(void rb_check_trusted(VALUE));
 ^~~~~~~~~
conftest.c: In function ‘test_vla’:
conftest.c:3:27: warning: unused variable ‘vla’ [-Wunused-variable]
 void test_vla(int l){ int vla[l]; }
                           ^~~
conftest.c: At top level:
cc1: warning: unrecognized command line option ‘-Wno-self-assign’
cc1: warning: unrecognized command line option ‘-Wno-constant-logical-operand’
cc1: warning: unrecognized command line option ‘-Wno-parentheses-equality’
checked program was:
/* begin */
1: #include "ruby.h"
2: 
3: void test_vla(int l){ int vla[l]; }
/* end */

--------------------

extconf.h is:
/* begin */
 1: #ifndef EXTCONF_H
 2: #define EXTCONF_H
 3: #define HAVE_PQSETSINGLEROWMODE 1
 4: #define HAVE_PQCONNINFO 1
 5: #define HAVE_PQSSLATTRIBUTE 1
 6: #define HAVE_PQENCRYPTPASSWORDCONN 1
 7: #define HAVE_TIMEGM 1
 8: #define HAVE_RB_GC_ADJUST_MEMORY_USAGE 1
 9: #define HAVE_CONST_PG_DIAG_TABLE_NAME 1
10: #define HAVE_UNISTD_H 1
11: #define HAVE_INTTYPES_H 1
12: #define HAVE_VARIABLE_LENGTH_ARRAYS 1
13: #endif
/* end */

