"pkg-config --exists libffi"
| pkg-config --libs libffi
=> "-L/usr/lib/../lib -lffi \n"
"gcc -o conftest -I/home/darkkgreen/.rvm/rubies/ruby-2.4.1/include/ruby-2.4.0/x86_64-linux -I/home/darkkgreen/.rvm/rubies/ruby-2.4.1/include/ruby-2.4.0/ruby/backward -I/home/darkkgreen/.rvm/rubies/ruby-2.4.1/include/ruby-2.4.0 -I.    -O3 -fno-fast-math -ggdb3 -Wall -Wextra -Wno-unused-parameter -Wno-parentheses -Wno-long-long -Wno-missing-field-initializers -Wno-tautological-compare -Wno-parentheses-equality -Wno-constant-logical-operand -Wno-self-assign -Wunused-variable -Wimplicit-int -Wpointer-arith -Wwrite-strings -Wdeclaration-after-statement -Wimplicit-function-declaration -Wdeprecated-declarations -Wno-packed-bitfield-compat -Wsuggest-attribute=noreturn -Wsuggest-attribute=format -Wimplicit-fallthrough=0  -fPIC conftest.c  -L. -L/home/darkkgreen/.rvm/rubies/ruby-2.4.1/lib -Wl,-R/home/darkkgreen/.rvm/rubies/ruby-2.4.1/lib -L. -fstack-protector -rdynamic -Wl,-export-dynamic     -Wl,-R/home/darkkgreen/.rvm/rubies/ruby-2.4.1/lib -L/home/darkkgreen/.rvm/rubies/ruby-2.4.1/lib -lruby  -lpthread -lgmp -ldl -lcrypt -lm   -lc"
In file included from /home/darkkgreen/.rvm/rubies/ruby-2.4.1/include/ruby-2.4.0/ruby.h:33,
                 from conftest.c:1:
/home/darkkgreen/.rvm/rubies/ruby-2.4.1/include/ruby-2.4.0/ruby/ruby.h:631:1: warning: ‘const’ attribute on function returning ‘void’ [-Wattributes]
 CONSTFUNC(void rb_secure_update(VALUE));
 ^~~~~~~~~
In file included from /home/darkkgreen/.rvm/rubies/ruby-2.4.1/include/ruby-2.4.0/ruby/ruby.h:2005,
                 from /home/darkkgreen/.rvm/rubies/ruby-2.4.1/include/ruby-2.4.0/ruby.h:33,
                 from conftest.c:1:
/home/darkkgreen/.rvm/rubies/ruby-2.4.1/include/ruby-2.4.0/ruby/intern.h:257:1: warning: ‘const’ attribute on function returning ‘void’ [-Wattributes]
 CONSTFUNC(void rb_error_untrusted(VALUE));
 ^~~~~~~~~
/home/darkkgreen/.rvm/rubies/ruby-2.4.1/include/ruby-2.4.0/ruby/intern.h:259:1: warning: ‘const’ attribute on function returning ‘void’ [-Wattributes]
 CONSTFUNC(void rb_check_trusted(VALUE));
 ^~~~~~~~~
cc1: warning: unrecognized command line option ‘-Wno-self-assign’
cc1: warning: unrecognized command line option ‘-Wno-constant-logical-operand’
cc1: warning: unrecognized command line option ‘-Wno-parentheses-equality’
checked program was:
/* begin */
1: #include "ruby.h"
2: 
3: int main(int argc, char **argv)
4: {
5:   return 0;
6: }
/* end */

"gcc -o conftest -I/home/darkkgreen/.rvm/rubies/ruby-2.4.1/include/ruby-2.4.0/x86_64-linux -I/home/darkkgreen/.rvm/rubies/ruby-2.4.1/include/ruby-2.4.0/ruby/backward -I/home/darkkgreen/.rvm/rubies/ruby-2.4.1/include/ruby-2.4.0 -I.    -O3 -fno-fast-math -ggdb3 -Wall -Wextra -Wno-unused-parameter -Wno-parentheses -Wno-long-long -Wno-missing-field-initializers -Wno-tautological-compare -Wno-parentheses-equality -Wno-constant-logical-operand -Wno-self-assign -Wunused-variable -Wimplicit-int -Wpointer-arith -Wwrite-strings -Wdeclaration-after-statement -Wimplicit-function-declaration -Wdeprecated-declarations -Wno-packed-bitfield-compat -Wsuggest-attribute=noreturn -Wsuggest-attribute=format -Wimplicit-fallthrough=0  -fPIC conftest.c  -L. -L/home/darkkgreen/.rvm/rubies/ruby-2.4.1/lib -Wl,-R/home/darkkgreen/.rvm/rubies/ruby-2.4.1/lib -L. -fstack-protector -rdynamic -Wl,-export-dynamic     -Wl,-R/home/darkkgreen/.rvm/rubies/ruby-2.4.1/lib -L/home/darkkgreen/.rvm/rubies/ruby-2.4.1/lib -lruby -L/usr/lib/../lib -lffi -lpthread -lgmp -ldl -lcrypt -lm   -lc"
In file included from /home/darkkgreen/.rvm/rubies/ruby-2.4.1/include/ruby-2.4.0/ruby.h:33,
                 from conftest.c:1:
/home/darkkgreen/.rvm/rubies/ruby-2.4.1/include/ruby-2.4.0/ruby/ruby.h:631:1: warning: ‘const’ attribute on function returning ‘void’ [-Wattributes]
 CONSTFUNC(void rb_secure_update(VALUE));
 ^~~~~~~~~
In file included from /home/darkkgreen/.rvm/rubies/ruby-2.4.1/include/ruby-2.4.0/ruby/ruby.h:2005,
                 from /home/darkkgreen/.rvm/rubies/ruby-2.4.1/include/ruby-2.4.0/ruby.h:33,
                 from conftest.c:1:
/home/darkkgreen/.rvm/rubies/ruby-2.4.1/include/ruby-2.4.0/ruby/intern.h:257:1: warning: ‘const’ attribute on function returning ‘void’ [-Wattributes]
 CONSTFUNC(void rb_error_untrusted(VALUE));
 ^~~~~~~~~
/home/darkkgreen/.rvm/rubies/ruby-2.4.1/include/ruby-2.4.0/ruby/intern.h:259:1: warning: ‘const’ attribute on function returning ‘void’ [-Wattributes]
 CONSTFUNC(void rb_check_trusted(VALUE));
 ^~~~~~~~~
cc1: warning: unrecognized command line option ‘-Wno-self-assign’
cc1: warning: unrecognized command line option ‘-Wno-constant-logical-operand’
cc1: warning: unrecognized command line option ‘-Wno-parentheses-equality’
checked program was:
/* begin */
1: #include "ruby.h"
2: 
3: int main(int argc, char **argv)
4: {
5:   return 0;
6: }
/* end */

package configuration for libffi is not found
have_header: checking for ffi.h... -------------------- no

"gcc -E -I/home/darkkgreen/.rvm/rubies/ruby-2.4.1/include/ruby-2.4.0/x86_64-linux -I/home/darkkgreen/.rvm/rubies/ruby-2.4.1/include/ruby-2.4.0/ruby/backward -I/home/darkkgreen/.rvm/rubies/ruby-2.4.1/include/ruby-2.4.0 -I.    -O3 -fno-fast-math -ggdb3 -Wall -Wextra -Wno-unused-parameter -Wno-parentheses -Wno-long-long -Wno-missing-field-initializers -Wno-tautological-compare -Wno-parentheses-equality -Wno-constant-logical-operand -Wno-self-assign -Wunused-variable -Wimplicit-int -Wpointer-arith -Wwrite-strings -Wdeclaration-after-statement -Wimplicit-function-declaration -Wdeprecated-declarations -Wno-packed-bitfield-compat -Wsuggest-attribute=noreturn -Wsuggest-attribute=format -Wimplicit-fallthrough=0  -fPIC  conftest.c -o conftest.i"
conftest.c:3:10: fatal error: ffi.h: No such file or directory
 #include <ffi.h>
          ^~~~~~~
compilation terminated.
checked program was:
/* begin */
1: #include "ruby.h"
2: 
3: #include <ffi.h>
/* end */

--------------------

find_header: checking for ffi.h in /usr/local/include,/usr/include/ffi... -------------------- no

"gcc -E -I/home/darkkgreen/.rvm/rubies/ruby-2.4.1/include/ruby-2.4.0/x86_64-linux -I/home/darkkgreen/.rvm/rubies/ruby-2.4.1/include/ruby-2.4.0/ruby/backward -I/home/darkkgreen/.rvm/rubies/ruby-2.4.1/include/ruby-2.4.0 -I.    -O3 -fno-fast-math -ggdb3 -Wall -Wextra -Wno-unused-parameter -Wno-parentheses -Wno-long-long -Wno-missing-field-initializers -Wno-tautological-compare -Wno-parentheses-equality -Wno-constant-logical-operand -Wno-self-assign -Wunused-variable -Wimplicit-int -Wpointer-arith -Wwrite-strings -Wdeclaration-after-statement -Wimplicit-function-declaration -Wdeprecated-declarations -Wno-packed-bitfield-compat -Wsuggest-attribute=noreturn -Wsuggest-attribute=format -Wimplicit-fallthrough=0  -fPIC  conftest.c -o conftest.i"
conftest.c:3:10: fatal error: ffi.h: No such file or directory
 #include <ffi.h>
          ^~~~~~~
compilation terminated.
checked program was:
/* begin */
1: #include "ruby.h"
2: 
3: #include <ffi.h>
/* end */

"gcc -E -I/home/darkkgreen/.rvm/rubies/ruby-2.4.1/include/ruby-2.4.0/x86_64-linux -I/home/darkkgreen/.rvm/rubies/ruby-2.4.1/include/ruby-2.4.0/ruby/backward -I/home/darkkgreen/.rvm/rubies/ruby-2.4.1/include/ruby-2.4.0 -I.    -O3 -fno-fast-math -ggdb3 -Wall -Wextra -Wno-unused-parameter -Wno-parentheses -Wno-long-long -Wno-missing-field-initializers -Wno-tautological-compare -Wno-parentheses-equality -Wno-constant-logical-operand -Wno-self-assign -Wunused-variable -Wimplicit-int -Wpointer-arith -Wwrite-strings -Wdeclaration-after-statement -Wimplicit-function-declaration -Wdeprecated-declarations -Wno-packed-bitfield-compat -Wsuggest-attribute=noreturn -Wsuggest-attribute=format -Wimplicit-fallthrough=0  -fPIC -I/usr/local/include conftest.c -o conftest.i"
conftest.c:3:10: fatal error: ffi.h: No such file or directory
 #include <ffi.h>
          ^~~~~~~
compilation terminated.
checked program was:
/* begin */
1: #include "ruby.h"
2: 
3: #include <ffi.h>
/* end */

"gcc -E -I/home/darkkgreen/.rvm/rubies/ruby-2.4.1/include/ruby-2.4.0/x86_64-linux -I/home/darkkgreen/.rvm/rubies/ruby-2.4.1/include/ruby-2.4.0/ruby/backward -I/home/darkkgreen/.rvm/rubies/ruby-2.4.1/include/ruby-2.4.0 -I.    -O3 -fno-fast-math -ggdb3 -Wall -Wextra -Wno-unused-parameter -Wno-parentheses -Wno-long-long -Wno-missing-field-initializers -Wno-tautological-compare -Wno-parentheses-equality -Wno-constant-logical-operand -Wno-self-assign -Wunused-variable -Wimplicit-int -Wpointer-arith -Wwrite-strings -Wdeclaration-after-statement -Wimplicit-function-declaration -Wdeprecated-declarations -Wno-packed-bitfield-compat -Wsuggest-attribute=noreturn -Wsuggest-attribute=format -Wimplicit-fallthrough=0  -fPIC -I/usr/include/ffi conftest.c -o conftest.i"
conftest.c:3:10: fatal error: ffi.h: No such file or directory
 #include <ffi.h>
          ^~~~~~~
compilation terminated.
checked program was:
/* begin */
1: #include "ruby.h"
2: 
3: #include <ffi.h>
/* end */

--------------------

have_header: checking for shlwapi.h... -------------------- no

"gcc -E -I/home/darkkgreen/.rvm/rubies/ruby-2.4.1/include/ruby-2.4.0/x86_64-linux -I/home/darkkgreen/.rvm/rubies/ruby-2.4.1/include/ruby-2.4.0/ruby/backward -I/home/darkkgreen/.rvm/rubies/ruby-2.4.1/include/ruby-2.4.0 -I.    -O3 -fno-fast-math -ggdb3 -Wall -Wextra -Wno-unused-parameter -Wno-parentheses -Wno-long-long -Wno-missing-field-initializers -Wno-tautological-compare -Wno-parentheses-equality -Wno-constant-logical-operand -Wno-self-assign -Wunused-variable -Wimplicit-int -Wpointer-arith -Wwrite-strings -Wdeclaration-after-statement -Wimplicit-function-declaration -Wdeprecated-declarations -Wno-packed-bitfield-compat -Wsuggest-attribute=noreturn -Wsuggest-attribute=format -Wimplicit-fallthrough=0  -fPIC  conftest.c -o conftest.i"
conftest.c:3:10: fatal error: shlwapi.h: No such file or directory
 #include <shlwapi.h>
          ^~~~~~~~~~~
compilation terminated.
checked program was:
/* begin */
1: #include "ruby.h"
2: 
3: #include <shlwapi.h>
/* end */

--------------------

have_func: checking for rb_thread_call_without_gvl()... -------------------- yes

"gcc -o conftest -I/home/darkkgreen/.rvm/rubies/ruby-2.4.1/include/ruby-2.4.0/x86_64-linux -I/home/darkkgreen/.rvm/rubies/ruby-2.4.1/include/ruby-2.4.0/ruby/backward -I/home/darkkgreen/.rvm/rubies/ruby-2.4.1/include/ruby-2.4.0 -I.    -O3 -fno-fast-math -ggdb3 -Wall -Wextra -Wno-unused-parameter -Wno-parentheses -Wno-long-long -Wno-missing-field-initializers -Wno-tautological-compare -Wno-parentheses-equality -Wno-constant-logical-operand -Wno-self-assign -Wunused-variable -Wimplicit-int -Wpointer-arith -Wwrite-strings -Wdeclaration-after-statement -Wimplicit-function-declaration -Wdeprecated-declarations -Wno-packed-bitfield-compat -Wsuggest-attribute=noreturn -Wsuggest-attribute=format -Wimplicit-fallthrough=0  -fPIC conftest.c  -L. -L/home/darkkgreen/.rvm/rubies/ruby-2.4.1/lib -Wl,-R/home/darkkgreen/.rvm/rubies/ruby-2.4.1/lib -L. -fstack-protector -rdynamic -Wl,-export-dynamic     -Wl,-R/home/darkkgreen/.rvm/rubies/ruby-2.4.1/lib -L/home/darkkgreen/.rvm/rubies/ruby-2.4.1/lib -lruby  -lpthread -lgmp -ldl -lcrypt -lm   -lc"
In file included from /home/darkkgreen/.rvm/rubies/ruby-2.4.1/include/ruby-2.4.0/ruby.h:33,
                 from conftest.c:1:
/home/darkkgreen/.rvm/rubies/ruby-2.4.1/include/ruby-2.4.0/ruby/ruby.h:631:1: warning: ‘const’ attribute on function returning ‘void’ [-Wattributes]
 CONSTFUNC(void rb_secure_update(VALUE));
 ^~~~~~~~~
In file included from /home/darkkgreen/.rvm/rubies/ruby-2.4.1/include/ruby-2.4.0/ruby/ruby.h:2005,
                 from /home/darkkgreen/.rvm/rubies/ruby-2.4.1/include/ruby-2.4.0/ruby.h:33,
                 from conftest.c:1:
/home/darkkgreen/.rvm/rubies/ruby-2.4.1/include/ruby-2.4.0/ruby/intern.h:257:1: warning: ‘const’ attribute on function returning ‘void’ [-Wattributes]
 CONSTFUNC(void rb_error_untrusted(VALUE));
 ^~~~~~~~~
/home/darkkgreen/.rvm/rubies/ruby-2.4.1/include/ruby-2.4.0/ruby/intern.h:259:1: warning: ‘const’ attribute on function returning ‘void’ [-Wattributes]
 CONSTFUNC(void rb_check_trusted(VALUE));
 ^~~~~~~~~
conftest.c: In function ‘t’:
conftest.c:13:57: error: ‘rb_thread_call_without_gvl’ undeclared (first use in this function); did you mean ‘rb_thread_wait_for’?
 int t(void) { void ((*volatile p)()); p = (void ((*)()))rb_thread_call_without_gvl; return !p; }
                                                         ^~~~~~~~~~~~~~~~~~~~~~~~~~
                                                         rb_thread_wait_for
conftest.c:13:57: note: each undeclared identifier is reported only once for each function it appears in
conftest.c: At top level:
cc1: warning: unrecognized command line option ‘-Wno-self-assign’
cc1: warning: unrecognized command line option ‘-Wno-constant-logical-operand’
cc1: warning: unrecognized command line option ‘-Wno-parentheses-equality’
checked program was:
/* begin */
 1: #include "ruby.h"
 2: 
 3: /*top*/
 4: extern int t(void);
 5: int main(int argc, char **argv)
 6: {
 7:   if (argc > 1000000) {
 8:     printf("%p", &t);
 9:   }
10: 
11:   return 0;
12: }
13: int t(void) { void ((*volatile p)()); p = (void ((*)()))rb_thread_call_without_gvl; return !p; }
/* end */

"gcc -o conftest -I/home/darkkgreen/.rvm/rubies/ruby-2.4.1/include/ruby-2.4.0/x86_64-linux -I/home/darkkgreen/.rvm/rubies/ruby-2.4.1/include/ruby-2.4.0/ruby/backward -I/home/darkkgreen/.rvm/rubies/ruby-2.4.1/include/ruby-2.4.0 -I.    -O3 -fno-fast-math -ggdb3 -Wall -Wextra -Wno-unused-parameter -Wno-parentheses -Wno-long-long -Wno-missing-field-initializers -Wno-tautological-compare -Wno-parentheses-equality -Wno-constant-logical-operand -Wno-self-assign -Wunused-variable -Wimplicit-int -Wpointer-arith -Wwrite-strings -Wdeclaration-after-statement -Wimplicit-function-declaration -Wdeprecated-declarations -Wno-packed-bitfield-compat -Wsuggest-attribute=noreturn -Wsuggest-attribute=format -Wimplicit-fallthrough=0  -fPIC conftest.c  -L. -L/home/darkkgreen/.rvm/rubies/ruby-2.4.1/lib -Wl,-R/home/darkkgreen/.rvm/rubies/ruby-2.4.1/lib -L. -fstack-protector -rdynamic -Wl,-export-dynamic     -Wl,-R/home/darkkgreen/.rvm/rubies/ruby-2.4.1/lib -L/home/darkkgreen/.rvm/rubies/ruby-2.4.1/lib -lruby  -lpthread -lgmp -ldl -lcrypt -lm   -lc"
In file included from /home/darkkgreen/.rvm/rubies/ruby-2.4.1/include/ruby-2.4.0/ruby.h:33,
                 from conftest.c:1:
/home/darkkgreen/.rvm/rubies/ruby-2.4.1/include/ruby-2.4.0/ruby/ruby.h:631:1: warning: ‘const’ attribute on function returning ‘void’ [-Wattributes]
 CONSTFUNC(void rb_secure_update(VALUE));
 ^~~~~~~~~
In file included from /home/darkkgreen/.rvm/rubies/ruby-2.4.1/include/ruby-2.4.0/ruby/ruby.h:2005,
                 from /home/darkkgreen/.rvm/rubies/ruby-2.4.1/include/ruby-2.4.0/ruby.h:33,
                 from conftest.c:1:
/home/darkkgreen/.rvm/rubies/ruby-2.4.1/include/ruby-2.4.0/ruby/intern.h:257:1: warning: ‘const’ attribute on function returning ‘void’ [-Wattributes]
 CONSTFUNC(void rb_error_untrusted(VALUE));
 ^~~~~~~~~
/home/darkkgreen/.rvm/rubies/ruby-2.4.1/include/ruby-2.4.0/ruby/intern.h:259:1: warning: ‘const’ attribute on function returning ‘void’ [-Wattributes]
 CONSTFUNC(void rb_check_trusted(VALUE));
 ^~~~~~~~~
cc1: warning: unrecognized command line option ‘-Wno-self-assign’
cc1: warning: unrecognized command line option ‘-Wno-constant-logical-operand’
cc1: warning: unrecognized command line option ‘-Wno-parentheses-equality’
checked program was:
/* begin */
 1: #include "ruby.h"
 2: 
 3: /*top*/
 4: extern int t(void);
 5: int main(int argc, char **argv)
 6: {
 7:   if (argc > 1000000) {
 8:     printf("%p", &t);
 9:   }
10: 
11:   return 0;
12: }
13: extern void rb_thread_call_without_gvl();
14: int t(void) { rb_thread_call_without_gvl(); return 0; }
/* end */

--------------------

have_func: checking for ruby_native_thread_p()... -------------------- yes

"gcc -o conftest -I/home/darkkgreen/.rvm/rubies/ruby-2.4.1/include/ruby-2.4.0/x86_64-linux -I/home/darkkgreen/.rvm/rubies/ruby-2.4.1/include/ruby-2.4.0/ruby/backward -I/home/darkkgreen/.rvm/rubies/ruby-2.4.1/include/ruby-2.4.0 -I.    -O3 -fno-fast-math -ggdb3 -Wall -Wextra -Wno-unused-parameter -Wno-parentheses -Wno-long-long -Wno-missing-field-initializers -Wno-tautological-compare -Wno-parentheses-equality -Wno-constant-logical-operand -Wno-self-assign -Wunused-variable -Wimplicit-int -Wpointer-arith -Wwrite-strings -Wdeclaration-after-statement -Wimplicit-function-declaration -Wdeprecated-declarations -Wno-packed-bitfield-compat -Wsuggest-attribute=noreturn -Wsuggest-attribute=format -Wimplicit-fallthrough=0  -fPIC conftest.c  -L. -L/home/darkkgreen/.rvm/rubies/ruby-2.4.1/lib -Wl,-R/home/darkkgreen/.rvm/rubies/ruby-2.4.1/lib -L. -fstack-protector -rdynamic -Wl,-export-dynamic     -Wl,-R/home/darkkgreen/.rvm/rubies/ruby-2.4.1/lib -L/home/darkkgreen/.rvm/rubies/ruby-2.4.1/lib -lruby  -lpthread -lgmp -ldl -lcrypt -lm   -lc"
In file included from /home/darkkgreen/.rvm/rubies/ruby-2.4.1/include/ruby-2.4.0/ruby.h:33,
                 from conftest.c:1:
/home/darkkgreen/.rvm/rubies/ruby-2.4.1/include/ruby-2.4.0/ruby/ruby.h:631:1: warning: ‘const’ attribute on function returning ‘void’ [-Wattributes]
 CONSTFUNC(void rb_secure_update(VALUE));
 ^~~~~~~~~
In file included from /home/darkkgreen/.rvm/rubies/ruby-2.4.1/include/ruby-2.4.0/ruby/ruby.h:2005,
                 from /home/darkkgreen/.rvm/rubies/ruby-2.4.1/include/ruby-2.4.0/ruby.h:33,
                 from conftest.c:1:
/home/darkkgreen/.rvm/rubies/ruby-2.4.1/include/ruby-2.4.0/ruby/intern.h:257:1: warning: ‘const’ attribute on function returning ‘void’ [-Wattributes]
 CONSTFUNC(void rb_error_untrusted(VALUE));
 ^~~~~~~~~
/home/darkkgreen/.rvm/rubies/ruby-2.4.1/include/ruby-2.4.0/ruby/intern.h:259:1: warning: ‘const’ attribute on function returning ‘void’ [-Wattributes]
 CONSTFUNC(void rb_check_trusted(VALUE));
 ^~~~~~~~~
conftest.c: In function ‘t’:
conftest.c:13:43: warning: cast between incompatible function types from ‘int (*)(void)’ to ‘void (*)()’ [-Wcast-function-type]
 int t(void) { void ((*volatile p)()); p = (void ((*)()))ruby_native_thread_p; return !p; }
                                           ^
conftest.c: At top level:
cc1: warning: unrecognized command line option ‘-Wno-self-assign’
cc1: warning: unrecognized command line option ‘-Wno-constant-logical-operand’
cc1: warning: unrecognized command line option ‘-Wno-parentheses-equality’
checked program was:
/* begin */
 1: #include "ruby.h"
 2: 
 3: /*top*/
 4: extern int t(void);
 5: int main(int argc, char **argv)
 6: {
 7:   if (argc > 1000000) {
 8:     printf("%p", &t);
 9:   }
10: 
11:   return 0;
12: }
13: int t(void) { void ((*volatile p)()); p = (void ((*)()))ruby_native_thread_p; return !p; }
/* end */

--------------------

have_func: checking for ruby_thread_has_gvl_p()... -------------------- yes

"gcc -o conftest -I/home/darkkgreen/.rvm/rubies/ruby-2.4.1/include/ruby-2.4.0/x86_64-linux -I/home/darkkgreen/.rvm/rubies/ruby-2.4.1/include/ruby-2.4.0/ruby/backward -I/home/darkkgreen/.rvm/rubies/ruby-2.4.1/include/ruby-2.4.0 -I.    -O3 -fno-fast-math -ggdb3 -Wall -Wextra -Wno-unused-parameter -Wno-parentheses -Wno-long-long -Wno-missing-field-initializers -Wno-tautological-compare -Wno-parentheses-equality -Wno-constant-logical-operand -Wno-self-assign -Wunused-variable -Wimplicit-int -Wpointer-arith -Wwrite-strings -Wdeclaration-after-statement -Wimplicit-function-declaration -Wdeprecated-declarations -Wno-packed-bitfield-compat -Wsuggest-attribute=noreturn -Wsuggest-attribute=format -Wimplicit-fallthrough=0  -fPIC conftest.c  -L. -L/home/darkkgreen/.rvm/rubies/ruby-2.4.1/lib -Wl,-R/home/darkkgreen/.rvm/rubies/ruby-2.4.1/lib -L. -fstack-protector -rdynamic -Wl,-export-dynamic     -Wl,-R/home/darkkgreen/.rvm/rubies/ruby-2.4.1/lib -L/home/darkkgreen/.rvm/rubies/ruby-2.4.1/lib -lruby  -lpthread -lgmp -ldl -lcrypt -lm   -lc"
In file included from /home/darkkgreen/.rvm/rubies/ruby-2.4.1/include/ruby-2.4.0/ruby.h:33,
                 from conftest.c:1:
/home/darkkgreen/.rvm/rubies/ruby-2.4.1/include/ruby-2.4.0/ruby/ruby.h:631:1: warning: ‘const’ attribute on function returning ‘void’ [-Wattributes]
 CONSTFUNC(void rb_secure_update(VALUE));
 ^~~~~~~~~
In file included from /home/darkkgreen/.rvm/rubies/ruby-2.4.1/include/ruby-2.4.0/ruby/ruby.h:2005,
                 from /home/darkkgreen/.rvm/rubies/ruby-2.4.1/include/ruby-2.4.0/ruby.h:33,
                 from conftest.c:1:
/home/darkkgreen/.rvm/rubies/ruby-2.4.1/include/ruby-2.4.0/ruby/intern.h:257:1: warning: ‘const’ attribute on function returning ‘void’ [-Wattributes]
 CONSTFUNC(void rb_error_untrusted(VALUE));
 ^~~~~~~~~
/home/darkkgreen/.rvm/rubies/ruby-2.4.1/include/ruby-2.4.0/ruby/intern.h:259:1: warning: ‘const’ attribute on function returning ‘void’ [-Wattributes]
 CONSTFUNC(void rb_check_trusted(VALUE));
 ^~~~~~~~~
conftest.c: In function ‘t’:
conftest.c:13:57: error: ‘ruby_thread_has_gvl_p’ undeclared (first use in this function); did you mean ‘rb_thread_wakeup’?
 int t(void) { void ((*volatile p)()); p = (void ((*)()))ruby_thread_has_gvl_p; return !p; }
                                                         ^~~~~~~~~~~~~~~~~~~~~
                                                         rb_thread_wakeup
conftest.c:13:57: note: each undeclared identifier is reported only once for each function it appears in
conftest.c: At top level:
cc1: warning: unrecognized command line option ‘-Wno-self-assign’
cc1: warning: unrecognized command line option ‘-Wno-constant-logical-operand’
cc1: warning: unrecognized command line option ‘-Wno-parentheses-equality’
checked program was:
/* begin */
 1: #include "ruby.h"
 2: 
 3: /*top*/
 4: extern int t(void);
 5: int main(int argc, char **argv)
 6: {
 7:   if (argc > 1000000) {
 8:     printf("%p", &t);
 9:   }
10: 
11:   return 0;
12: }
13: int t(void) { void ((*volatile p)()); p = (void ((*)()))ruby_thread_has_gvl_p; return !p; }
/* end */

"gcc -o conftest -I/home/darkkgreen/.rvm/rubies/ruby-2.4.1/include/ruby-2.4.0/x86_64-linux -I/home/darkkgreen/.rvm/rubies/ruby-2.4.1/include/ruby-2.4.0/ruby/backward -I/home/darkkgreen/.rvm/rubies/ruby-2.4.1/include/ruby-2.4.0 -I.    -O3 -fno-fast-math -ggdb3 -Wall -Wextra -Wno-unused-parameter -Wno-parentheses -Wno-long-long -Wno-missing-field-initializers -Wno-tautological-compare -Wno-parentheses-equality -Wno-constant-logical-operand -Wno-self-assign -Wunused-variable -Wimplicit-int -Wpointer-arith -Wwrite-strings -Wdeclaration-after-statement -Wimplicit-function-declaration -Wdeprecated-declarations -Wno-packed-bitfield-compat -Wsuggest-attribute=noreturn -Wsuggest-attribute=format -Wimplicit-fallthrough=0  -fPIC conftest.c  -L. -L/home/darkkgreen/.rvm/rubies/ruby-2.4.1/lib -Wl,-R/home/darkkgreen/.rvm/rubies/ruby-2.4.1/lib -L. -fstack-protector -rdynamic -Wl,-export-dynamic     -Wl,-R/home/darkkgreen/.rvm/rubies/ruby-2.4.1/lib -L/home/darkkgreen/.rvm/rubies/ruby-2.4.1/lib -lruby  -lpthread -lgmp -ldl -lcrypt -lm   -lc"
In file included from /home/darkkgreen/.rvm/rubies/ruby-2.4.1/include/ruby-2.4.0/ruby.h:33,
                 from conftest.c:1:
/home/darkkgreen/.rvm/rubies/ruby-2.4.1/include/ruby-2.4.0/ruby/ruby.h:631:1: warning: ‘const’ attribute on function returning ‘void’ [-Wattributes]
 CONSTFUNC(void rb_secure_update(VALUE));
 ^~~~~~~~~
In file included from /home/darkkgreen/.rvm/rubies/ruby-2.4.1/include/ruby-2.4.0/ruby/ruby.h:2005,
                 from /home/darkkgreen/.rvm/rubies/ruby-2.4.1/include/ruby-2.4.0/ruby.h:33,
                 from conftest.c:1:
/home/darkkgreen/.rvm/rubies/ruby-2.4.1/include/ruby-2.4.0/ruby/intern.h:257:1: warning: ‘const’ attribute on function returning ‘void’ [-Wattributes]
 CONSTFUNC(void rb_error_untrusted(VALUE));
 ^~~~~~~~~
/home/darkkgreen/.rvm/rubies/ruby-2.4.1/include/ruby-2.4.0/ruby/intern.h:259:1: warning: ‘const’ attribute on function returning ‘void’ [-Wattributes]
 CONSTFUNC(void rb_check_trusted(VALUE));
 ^~~~~~~~~
cc1: warning: unrecognized command line option ‘-Wno-self-assign’
cc1: warning: unrecognized command line option ‘-Wno-constant-logical-operand’
cc1: warning: unrecognized command line option ‘-Wno-parentheses-equality’
checked program was:
/* begin */
 1: #include "ruby.h"
 2: 
 3: /*top*/
 4: extern int t(void);
 5: int main(int argc, char **argv)
 6: {
 7:   if (argc > 1000000) {
 8:     printf("%p", &t);
 9:   }
10: 
11:   return 0;
12: }
13: extern void ruby_thread_has_gvl_p();
14: int t(void) { ruby_thread_has_gvl_p(); return 0; }
/* end */

--------------------

extconf.h is:
/* begin */
1: #ifndef EXTCONF_H
2: #define EXTCONF_H
3: #define HAVE_RB_THREAD_CALL_WITHOUT_GVL 1
4: #define HAVE_RUBY_NATIVE_THREAD_P 1
5: #define HAVE_RUBY_THREAD_HAS_GVL_P 1
6: #define HAVE_FFI_PREP_CIF_VAR 1
7: #define USE_INTERNAL_LIBFFI 1
8: #define RUBY_1_9 1
9: #endif
/* end */

